<?xml version="1.0" encoding="UTF-8"?>
<coverage generated="1502832951466" clover="3.2.0">
  <project timestamp="1502832951466" name="All files">
    <metrics statements="47" coveredstatements="13" conditionals="12" coveredconditionals="1" methods="17" coveredmethods="6" elements="76" coveredelements="20" complexity="0" loc="47" ncloc="47" packages="1" files="2" classes="2">
      <file name="App.js" path="/Users/i.tsyganok/Desktop/Development/card-challenge/app/components/App.js">
        <metrics statements="46" coveredstatements="12" conditionals="12" coveredconditionals="1" methods="16" coveredmethods="5"/>
        <line num="4" count="1" type="stmt"/>
        <line num="7" count="2" type="stmt"/>
        <line num="13" count="0" type="stmt"/>
        <line num="14" count="0" type="stmt"/>
        <line num="15" count="0" type="stmt"/>
        <line num="17" count="0" type="stmt"/>
        <line num="18" count="0" type="cond" truecount="0" falsecount="2"/>
        <line num="19" count="0" type="stmt"/>
        <line num="21" count="0" type="stmt"/>
        <line num="28" count="0" type="cond" truecount="0" falsecount="2"/>
        <line num="29" count="0" type="stmt"/>
        <line num="30" count="0" type="cond" truecount="0" falsecount="2"/>
        <line num="31" count="0" type="stmt"/>
        <line num="32" count="0" type="stmt"/>
        <line num="34" count="0" type="stmt"/>
        <line num="35" count="0" type="stmt"/>
        <line num="41" count="0" type="cond" truecount="0" falsecount="2"/>
        <line num="42" count="0" type="stmt"/>
        <line num="43" count="0" type="cond" truecount="0" falsecount="2"/>
        <line num="44" count="0" type="stmt"/>
        <line num="45" count="0" type="stmt"/>
        <line num="47" count="0" type="stmt"/>
        <line num="48" count="0" type="stmt"/>
        <line num="53" count="0" type="stmt"/>
        <line num="54" count="0" type="stmt"/>
        <line num="55" count="0" type="stmt"/>
        <line num="56" count="0" type="stmt"/>
        <line num="58" count="0" type="stmt"/>
        <line num="59" count="0" type="stmt"/>
        <line num="60" count="0" type="stmt"/>
        <line num="62" count="0" type="stmt"/>
        <line num="67" count="2" type="stmt"/>
        <line num="68" count="2" type="stmt"/>
        <line num="72" count="0" type="stmt"/>
        <line num="74" count="104" type="stmt"/>
        <line num="75" count="0" type="stmt"/>
        <line num="82" count="0" type="stmt"/>
        <line num="87" count="0" type="stmt"/>
        <line num="88" count="0" type="stmt"/>
        <line num="97" count="1" type="stmt"/>
        <line num="98" count="2" type="stmt"/>
        <line num="99" count="18" type="stmt"/>
        <line num="100" count="2" type="stmt"/>
        <line num="101" count="8" type="stmt"/>
        <line num="102" count="104" type="stmt"/>
        <line num="104" count="8" type="stmt"/>
      </file>
      <file name="Card.js" path="/Users/i.tsyganok/Desktop/Development/card-challenge/app/components/Card.js">
        <metrics statements="1" coveredstatements="1" conditionals="0" coveredconditionals="0" methods="1" coveredmethods="1"/>
        <line num="4" count="2" type="stmt"/>
      </file>
    </metrics>
  </project>
</coverage>
