{"/Users/i.tsyganok/Desktop/Development/card-challenge/app/components/App.js": {"path":"/Users/i.tsyganok/Desktop/Development/card-challenge/app/components/App.js","statementMap":{"0":{"start":{"line":4,"column":10},"end":{"line":95,"column":2}},"1":{"start":{"line":7,"column":4},"end":{"line":10,"column":5}},"2":{"start":{"line":13,"column":19},"end":{"line":13,"column":39}},"3":{"start":{"line":14,"column":28},"end":{"line":14,"column":57}},"4":{"start":{"line":15,"column":6},"end":{"line":15,"column":31}},"5":{"start":{"line":17,"column":18},"end":{"line":17,"column":36}},"6":{"start":{"line":18,"column":6},"end":{"line":20,"column":5}},"7":{"start":{"line":19,"column":8},"end":{"line":19,"column":30}},"8":{"start":{"line":21,"column":6},"end":{"line":24,"column":9}},"9":{"start":{"line":28,"column":8},"end":{"line":29,"column":22}},"10":{"start":{"line":29,"column":12},"end":{"line":29,"column":22}},"11":{"start":{"line":30,"column":8},"end":{"line":31,"column":21}},"12":{"start":{"line":31,"column":12},"end":{"line":31,"column":21}},"13":{"start":{"line":32,"column":8},"end":{"line":32,"column":17}},"14":{"start":{"line":34,"column":3},"end":{"line":34,"column":30}},"15":{"start":{"line":35,"column":4},"end":{"line":37,"column":6}},"16":{"start":{"line":41,"column":8},"end":{"line":42,"column":22}},"17":{"start":{"line":42,"column":12},"end":{"line":42,"column":22}},"18":{"start":{"line":43,"column":8},"end":{"line":44,"column":21}},"19":{"start":{"line":44,"column":12},"end":{"line":44,"column":21}},"20":{"start":{"line":45,"column":8},"end":{"line":45,"column":17}},"21":{"start":{"line":47,"column":3},"end":{"line":47,"column":30}},"22":{"start":{"line":48,"column":4},"end":{"line":50,"column":6}},"23":{"start":{"line":53,"column":23},"end":{"line":53,"column":34}},"24":{"start":{"line":54,"column":4},"end":{"line":61,"column":5}},"25":{"start":{"line":55,"column":8},"end":{"line":55,"column":61}},"26":{"start":{"line":56,"column":8},"end":{"line":56,"column":24}},"27":{"start":{"line":58,"column":8},"end":{"line":58,"column":39}},"28":{"start":{"line":59,"column":8},"end":{"line":59,"column":47}},"29":{"start":{"line":60,"column":8},"end":{"line":60,"column":38}},"30":{"start":{"line":62,"column":4},"end":{"line":64,"column":7}},"31":{"start":{"line":67,"column":38},"end":{"line":67,"column":48}},"32":{"start":{"line":68,"column":4},"end":{"line":93,"column":5}},"33":{"start":{"line":72,"column":54},"end":{"line":72,"column":72}},"34":{"start":{"line":74,"column":16},"end":{"line":76,"column":18}},"35":{"start":{"line":75,"column":58},"end":{"line":75,"column":79}},"36":{"start":{"line":82,"column":18},"end":{"line":84,"column":20}},"37":{"start":{"line":87,"column":62},"end":{"line":87,"column":98}},"38":{"start":{"line":88,"column":62},"end":{"line":88,"column":97}},"39":{"start":{"line":97,"column":14},"end":{"line":106,"column":1}},"40":{"start":{"line":98,"column":18},"end":{"line":98,"column":64}},"41":{"start":{"line":99,"column":18},"end":{"line":99,"column":103}},"42":{"start":{"line":99,"column":54},"end":{"line":99,"column":59}},"43":{"start":{"line":100,"column":4},"end":{"line":105,"column":11}},"44":{"start":{"line":101,"column":8},"end":{"line":103,"column":11}},"45":{"start":{"line":102,"column":12},"end":{"line":102,"column":81}},"46":{"start":{"line":104,"column":8},"end":{"line":104,"column":19}}},"fnMap":{"0":{"name":"(anonymous_0)","decl":{"start":{"line":12,"column":14},"end":{"line":12,"column":15}},"loc":{"start":{"line":12,"column":29},"end":{"line":25,"column":3}},"line":12},"1":{"name":"(anonymous_1)","decl":{"start":{"line":26,"column":20},"end":{"line":26,"column":21}},"loc":{"start":{"line":26,"column":44},"end":{"line":38,"column":3}},"line":26},"2":{"name":"compare","decl":{"start":{"line":27,"column":14},"end":{"line":27,"column":21}},"loc":{"start":{"line":27,"column":27},"end":{"line":33,"column":5}},"line":27},"3":{"name":"(anonymous_3)","decl":{"start":{"line":39,"column":19},"end":{"line":39,"column":20}},"loc":{"start":{"line":39,"column":43},"end":{"line":51,"column":3}},"line":39},"4":{"name":"compare","decl":{"start":{"line":40,"column":14},"end":{"line":40,"column":21}},"loc":{"start":{"line":40,"column":27},"end":{"line":46,"column":5}},"line":40},"5":{"name":"(anonymous_5)","decl":{"start":{"line":52,"column":11},"end":{"line":52,"column":12}},"loc":{"start":{"line":52,"column":26},"end":{"line":65,"column":3}},"line":52},"6":{"name":"(anonymous_6)","decl":{"start":{"line":72,"column":48},"end":{"line":72,"column":49}},"loc":{"start":{"line":72,"column":54},"end":{"line":72,"column":72}},"line":72},"7":{"name":"(anonymous_7)","decl":{"start":{"line":73,"column":22},"end":{"line":73,"column":23}},"loc":{"start":{"line":73,"column":32},"end":{"line":77,"column":13}},"line":73},"8":{"name":"(anonymous_8)","decl":{"start":{"line":75,"column":53},"end":{"line":75,"column":54}},"loc":{"start":{"line":75,"column":58},"end":{"line":75,"column":79}},"line":75},"9":{"name":"(anonymous_9)","decl":{"start":{"line":81,"column":60},"end":{"line":81,"column":61}},"loc":{"start":{"line":81,"column":70},"end":{"line":85,"column":15}},"line":81},"10":{"name":"(anonymous_10)","decl":{"start":{"line":87,"column":56},"end":{"line":87,"column":57}},"loc":{"start":{"line":87,"column":62},"end":{"line":87,"column":98}},"line":87},"11":{"name":"(anonymous_11)","decl":{"start":{"line":88,"column":56},"end":{"line":88,"column":57}},"loc":{"start":{"line":88,"column":62},"end":{"line":88,"column":97}},"line":88},"12":{"name":"(anonymous_12)","decl":{"start":{"line":97,"column":14},"end":{"line":97,"column":15}},"loc":{"start":{"line":97,"column":20},"end":{"line":106,"column":1}},"line":97},"13":{"name":"(anonymous_13)","decl":{"start":{"line":99,"column":44},"end":{"line":99,"column":45}},"loc":{"start":{"line":99,"column":54},"end":{"line":99,"column":59}},"line":99},"14":{"name":"(anonymous_14)","decl":{"start":{"line":100,"column":24},"end":{"line":100,"column":25}},"loc":{"start":{"line":100,"column":42},"end":{"line":105,"column":5}},"line":100},"15":{"name":"(anonymous_15)","decl":{"start":{"line":101,"column":18},"end":{"line":101,"column":19}},"loc":{"start":{"line":101,"column":31},"end":{"line":103,"column":9}},"line":101}},"branchMap":{"0":{"loc":{"start":{"line":18,"column":6},"end":{"line":20,"column":5}},"type":"if","locations":[{"start":{"line":18,"column":6},"end":{"line":20,"column":5}},{"start":{"line":18,"column":6},"end":{"line":20,"column":5}}],"line":18},"1":{"loc":{"start":{"line":28,"column":8},"end":{"line":29,"column":22}},"type":"if","locations":[{"start":{"line":28,"column":8},"end":{"line":29,"column":22}},{"start":{"line":28,"column":8},"end":{"line":29,"column":22}}],"line":28},"2":{"loc":{"start":{"line":30,"column":8},"end":{"line":31,"column":21}},"type":"if","locations":[{"start":{"line":30,"column":8},"end":{"line":31,"column":21}},{"start":{"line":30,"column":8},"end":{"line":31,"column":21}}],"line":30},"3":{"loc":{"start":{"line":41,"column":8},"end":{"line":42,"column":22}},"type":"if","locations":[{"start":{"line":41,"column":8},"end":{"line":42,"column":22}},{"start":{"line":41,"column":8},"end":{"line":42,"column":22}}],"line":41},"4":{"loc":{"start":{"line":43,"column":8},"end":{"line":44,"column":21}},"type":"if","locations":[{"start":{"line":43,"column":8},"end":{"line":44,"column":21}},{"start":{"line":43,"column":8},"end":{"line":44,"column":21}}],"line":43},"5":{"loc":{"start":{"line":81,"column":15},"end":{"line":85,"column":77}},"type":"cond-expr","locations":[{"start":{"line":81,"column":42},"end":{"line":85,"column":16}},{"start":{"line":85,"column":19},"end":{"line":85,"column":77}}],"line":81}},"s":{"0":1,"1":2,"2":0,"3":0,"4":0,"5":0,"6":0,"7":0,"8":0,"9":0,"10":0,"11":0,"12":0,"13":0,"14":0,"15":0,"16":0,"17":0,"18":0,"19":0,"20":0,"21":0,"22":0,"23":0,"24":0,"25":0,"26":0,"27":0,"28":0,"29":0,"30":0,"31":2,"32":2,"33":0,"34":104,"35":0,"36":0,"37":0,"38":0,"39":1,"40":2,"41":2,"42":18,"43":2,"44":8,"45":104,"46":8},"f":{"0":0,"1":0,"2":0,"3":0,"4":0,"5":0,"6":0,"7":104,"8":0,"9":0,"10":0,"11":0,"12":2,"13":18,"14":8,"15":104},"b":{"0":[0,0],"1":[0,0],"2":[0,0],"3":[0,0],"4":[0,0],"5":[0,2]},"_coverageSchema":"332fd63041d2c1bcb487cc26dd0d5f7d97098a6c","hash":"579b11202ec2b9eddb964d6fcf29a6cbda52ceb6"}
,"/Users/i.tsyganok/Desktop/Development/card-challenge/app/components/Card.js": {"path":"/Users/i.tsyganok/Desktop/Development/card-challenge/app/components/Card.js","statementMap":{"0":{"start":{"line":4,"column":4},"end":{"line":9,"column":5}}},"fnMap":{"0":{"name":"Card","decl":{"start":{"line":3,"column":24},"end":{"line":3,"column":28}},"loc":{"start":{"line":3,"column":67},"end":{"line":10,"column":1}},"line":3}},"branchMap":{},"s":{"0":2},"f":{"0":2},"b":{},"_coverageSchema":"332fd63041d2c1bcb487cc26dd0d5f7d97098a6c","hash":"171a55b56d916e445c68a423d344d8f92eced188"}
}
