{"/Users/i.tsyganok/Desktop/Development/card-challenge/app/components/Card.js": {"path":"/Users/i.tsyganok/Desktop/Development/card-challenge/app/components/Card.js","statementMap":{"0":{"start":{"line":4,"column":4},"end":{"line":9,"column":5}}},"fnMap":{"0":{"name":"Card","decl":{"start":{"line":3,"column":24},"end":{"line":3,"column":28}},"loc":{"start":{"line":3,"column":67},"end":{"line":10,"column":1}},"line":3}},"branchMap":{},"s":{"0":2},"f":{"0":2},"b":{},"_coverageSchema":"332fd63041d2c1bcb487cc26dd0d5f7d97098a6c","hash":"171a55b56d916e445c68a423d344d8f92eced188"}
}
