TN:
SF:/Users/i.tsyganok/Desktop/Development/card-challenge/app/components/App.js
FN:12,(anonymous_0)
FN:26,(anonymous_1)
FN:27,compare
FN:39,(anonymous_3)
FN:40,compare
FN:52,(anonymous_5)
FN:72,(anonymous_6)
FN:73,(anonymous_7)
FN:75,(anonymous_8)
FN:81,(anonymous_9)
FN:87,(anonymous_10)
FN:88,(anonymous_11)
FN:97,(anonymous_12)
FN:99,(anonymous_13)
FN:100,(anonymous_14)
FN:101,(anonymous_15)
FNF:16
FNH:5
FNDA:0,(anonymous_0)
FNDA:0,(anonymous_1)
FNDA:0,compare
FNDA:0,(anonymous_3)
FNDA:0,compare
FNDA:0,(anonymous_5)
FNDA:0,(anonymous_6)
FNDA:104,(anonymous_7)
FNDA:0,(anonymous_8)
FNDA:0,(anonymous_9)
FNDA:0,(anonymous_10)
FNDA:0,(anonymous_11)
FNDA:2,(anonymous_12)
FNDA:18,(anonymous_13)
FNDA:8,(anonymous_14)
FNDA:104,(anonymous_15)
DA:4,1
DA:7,2
DA:13,0
DA:14,0
DA:15,0
DA:17,0
DA:18,0
DA:19,0
DA:21,0
DA:28,0
DA:29,0
DA:30,0
DA:31,0
DA:32,0
DA:34,0
DA:35,0
DA:41,0
DA:42,0
DA:43,0
DA:44,0
DA:45,0
DA:47,0
DA:48,0
DA:53,0
DA:54,0
DA:55,0
DA:56,0
DA:58,0
DA:59,0
DA:60,0
DA:62,0
DA:67,2
DA:68,2
DA:72,0
DA:74,104
DA:75,0
DA:82,0
DA:87,0
DA:88,0
DA:97,1
DA:98,2
DA:99,18
DA:100,2
DA:101,8
DA:102,104
DA:104,8
LF:46
LH:12
BRDA:18,0,0,0
BRDA:18,0,1,0
BRDA:28,1,0,0
BRDA:28,1,1,0
BRDA:30,2,0,0
BRDA:30,2,1,0
BRDA:41,3,0,0
BRDA:41,3,1,0
BRDA:43,4,0,0
BRDA:43,4,1,0
BRDA:81,5,0,0
BRDA:81,5,1,2
BRF:12
BRH:1
end_of_record
TN:
SF:/Users/i.tsyganok/Desktop/Development/card-challenge/app/components/Card.js
FN:3,Card
FNF:1
FNH:1
FNDA:2,Card
DA:4,2
LF:1
LH:1
BRF:0
BRH:0
end_of_record
